[Sun Sep  1 09:20:22 2013] [info] Listening at "http://*:3000".
[Sun Sep  1 09:20:43 2013] [debug] Your secret passphrase needs to be changed!!!
[Sun Sep  1 09:20:43 2013] [debug] GET "/".
[Sun Sep  1 09:20:43 2013] [debug] Routing to controller "BastideDeLaCroix::Home" and action "welcome".
[Sun Sep  1 09:20:43 2013] [debug] Rendering template "home/welcome.html.ep".
[Sun Sep  1 09:20:43 2013] [debug] Rendering template "layouts/default.html.ep".
[Sun Sep  1 09:20:43 2013] [debug] 200 OK (0.116085s, 8.614/s).
[Sun Sep  1 09:21:46 2013] [info] Listening at "http://*:3000".
[Sun Sep  1 09:22:53 2013] [debug] Your secret passphrase needs to be changed!!!
[Sun Sep  1 09:22:53 2013] [debug] GET "/".
[Sun Sep  1 09:22:53 2013] [debug] Routing to controller "BastideDeLaCroix::Home" and action "welcome".
[Sun Sep  1 09:22:53 2013] [debug] Rendering template "home/welcome.html.ep".
[Sun Sep  1 09:22:53 2013] [debug] Rendering template "layouts/default.html.ep".
[Sun Sep  1 09:22:53 2013] [debug] 200 OK (0.015311s, 65.313/s).
[Sun Sep  1 09:22:55 2013] [debug] GET "/".
[Sun Sep  1 09:22:55 2013] [debug] Routing to controller "BastideDeLaCroix::Home" and action "welcome".
[Sun Sep  1 09:22:55 2013] [debug] Rendering cached template "home/welcome.html.ep".
[Sun Sep  1 09:22:55 2013] [debug] Rendering cached template "layouts/default.html.ep".
[Sun Sep  1 09:22:55 2013] [debug] 200 OK (0.001324s, 755.287/s).
[Sun Sep  1 09:23:28 2013] [debug] Your secret passphrase needs to be changed!!!
[Sun Sep  1 09:23:28 2013] [debug] GET "/".
[Sun Sep  1 09:23:28 2013] [debug] Routing to controller "BastideDeLaCroix::Home" and action "welcome".
[Sun Sep  1 09:23:28 2013] [debug] Rendering template "home/welcome.html.ep".
[Sun Sep  1 09:23:28 2013] [debug] Rendering template "layouts/default.html.ep".
[Sun Sep  1 09:23:28 2013] [debug] 200 OK (0.013571s, 73.687/s).
[Sun Sep  1 09:23:48 2013] [debug] GET "/".
[Sun Sep  1 09:23:48 2013] [debug] Routing to controller "BastideDeLaCroix::Home" and action "welcome".
[Sun Sep  1 09:23:48 2013] [debug] Rendering cached template "home/welcome.html.ep".
[Sun Sep  1 09:23:48 2013] [debug] Rendering cached template "layouts/default.html.ep".
[Sun Sep  1 09:23:48 2013] [debug] 200 OK (0.001135s, 881.057/s).
[Sun Sep  1 09:23:50 2013] [debug] GET "/".
[Sun Sep  1 09:23:50 2013] [debug] Routing to controller "BastideDeLaCroix::Home" and action "welcome".
[Sun Sep  1 09:23:50 2013] [debug] Rendering cached template "home/welcome.html.ep".
[Sun Sep  1 09:23:50 2013] [debug] Rendering cached template "layouts/default.html.ep".
[Sun Sep  1 09:23:50 2013] [debug] 200 OK (0.001712s, 584.112/s).
[Sun Sep  1 09:25:24 2013] [debug] GET "/".
[Sun Sep  1 09:25:24 2013] [debug] Routing to controller "BastideDeLaCroix::Home" and action "welcome".
[Sun Sep  1 09:25:24 2013] [debug] Rendering cached template "home/welcome.html.ep".
[Sun Sep  1 09:25:24 2013] [debug] Rendering cached template "layouts/default.html.ep".
[Sun Sep  1 09:25:24 2013] [debug] 200 OK (0.001560s, 641.026/s).
[Sun Sep  1 09:25:39 2013] [debug] GET "/".
[Sun Sep  1 09:25:39 2013] [debug] Routing to controller "BastideDeLaCroix::Home" and action "welcome".
[Sun Sep  1 09:25:39 2013] [debug] Rendering cached template "home/welcome.html.ep".
[Sun Sep  1 09:25:39 2013] [debug] Rendering cached template "layouts/default.html.ep".
[Sun Sep  1 09:25:39 2013] [debug] 200 OK (0.000998s, 1002.004/s).
[Sun Sep  1 09:26:36 2013] [debug] Your secret passphrase needs to be changed!!!
[Sun Sep  1 09:26:36 2013] [debug] GET "/".
[Sun Sep  1 09:26:36 2013] [debug] Routing to controller "BastideDeLaCroix::Home" and action "welcome".
[Sun Sep  1 09:26:36 2013] [debug] Rendering template "home/welcome.html.ep".
[Sun Sep  1 09:26:36 2013] [debug] Rendering template "layouts/default.html.ep".
[Sun Sep  1 09:26:36 2013] [debug] 200 OK (0.013179s, 75.878/s).
[Sun Sep  1 09:30:43 2013] [debug] Your secret passphrase needs to be changed!!!
[Sun Sep  1 09:30:43 2013] [debug] GET "/".
[Sun Sep  1 09:30:43 2013] [debug] Routing to controller "BastideDeLaCroix::Home" and action "welcome".
[Sun Sep  1 09:30:43 2013] [debug] Rendering template "home/welcome.html.ep".
[Sun Sep  1 09:30:43 2013] [debug] Rendering template "layouts/default.html.ep".
[Sun Sep  1 09:30:43 2013] [debug] 200 OK (0.014134s, 70.751/s).
[Sun Sep  1 09:31:44 2013] [debug] Your secret passphrase needs to be changed!!!
[Sun Sep  1 09:31:44 2013] [debug] GET "/".
[Sun Sep  1 09:31:44 2013] [debug] Routing to controller "BastideDeLaCroix::Home" and action "welcome".
[Sun Sep  1 09:31:44 2013] [debug] Rendering template "home/welcome.html.ep".
[Sun Sep  1 09:31:44 2013] [debug] Rendering template "layouts/default.html.ep".
[Sun Sep  1 09:31:44 2013] [debug] 200 OK (0.013890s, 71.994/s).
[Sun Sep  1 09:35:22 2013] [debug] Your secret passphrase needs to be changed!!!
[Sun Sep  1 09:35:22 2013] [debug] GET "/".
[Sun Sep  1 09:35:22 2013] [debug] Routing to controller "BastideDeLaCroix::Home" and action "welcome".
[Sun Sep  1 09:35:22 2013] [debug] Rendering template "home/welcome.html.ep".
[Sun Sep  1 09:35:22 2013] [debug] Rendering template "layouts/default.html.ep".
[Sun Sep  1 09:35:22 2013] [debug] 200 OK (0.012747s, 78.450/s).
[Sun Sep  1 19:16:52 2013] [debug] Your secret passphrase needs to be changed!!!
[Sun Sep  1 19:16:52 2013] [debug] GET "/".
[Sun Sep  1 19:16:52 2013] [debug] Routing to controller "BastideDeLaCroix::Home" and action "welcome".
[Sun Sep  1 19:16:52 2013] [debug] Rendering template "home/welcome.html.ep".
[Sun Sep  1 19:16:52 2013] [debug] Rendering template "layouts/default.html.ep".
[Sun Sep  1 19:16:52 2013] [debug] 200 OK (0.014718s, 67.944/s).
[Sun Sep  1 19:16:53 2013] [debug] GET "/img/circle_grounds".
[Sun Sep  1 19:16:53 2013] [debug] Template "not_found.development.html.ep" not found.
[Sun Sep  1 19:16:53 2013] [debug] Template "not_found.html.ep" not found.
[Sun Sep  1 19:16:53 2013] [debug] Rendering inline template.
[Sun Sep  1 19:16:53 2013] [debug] Rendering inline template.
[Sun Sep  1 19:16:53 2013] [debug] 404 Not Found (0.024567s, 40.705/s).
[Sun Sep  1 19:18:25 2013] [debug] Your secret passphrase needs to be changed!!!
[Sun Sep  1 19:18:25 2013] [debug] GET "/".
[Sun Sep  1 19:18:25 2013] [debug] Routing to controller "BastideDeLaCroix::Home" and action "welcome".
[Sun Sep  1 19:18:25 2013] [debug] Rendering template "home/welcome.html.ep".
[Sun Sep  1 19:18:25 2013] [debug] Rendering template "layouts/default.html.ep".
[Sun Sep  1 19:18:25 2013] [debug] 200 OK (0.012433s, 80.431/s).
[Sun Sep  1 19:19:01 2013] [debug] Your secret passphrase needs to be changed!!!
[Sun Sep  1 19:19:01 2013] [debug] GET "/".
[Sun Sep  1 19:19:01 2013] [debug] Routing to controller "BastideDeLaCroix::Home" and action "welcome".
[Sun Sep  1 19:19:01 2013] [debug] Rendering template "home/welcome.html.ep".
[Sun Sep  1 19:19:01 2013] [debug] Rendering template "layouts/default.html.ep".
[Sun Sep  1 19:19:01 2013] [debug] 200 OK (0.014355s, 69.662/s).
[Sun Sep  1 19:19:25 2013] [debug] Your secret passphrase needs to be changed!!!
[Sun Sep  1 19:19:25 2013] [debug] GET "/".
[Sun Sep  1 19:19:25 2013] [debug] Routing to controller "BastideDeLaCroix::Home" and action "welcome".
[Sun Sep  1 19:19:25 2013] [debug] Rendering template "home/welcome.html.ep".
[Sun Sep  1 19:19:25 2013] [debug] Rendering template "layouts/default.html.ep".
[Sun Sep  1 19:19:25 2013] [debug] 200 OK (0.014253s, 70.161/s).
[Sun Sep  1 19:20:32 2013] [debug] Your secret passphrase needs to be changed!!!
[Sun Sep  1 19:20:32 2013] [debug] GET "/".
[Sun Sep  1 19:20:32 2013] [debug] Routing to controller "BastideDeLaCroix::Home" and action "welcome".
[Sun Sep  1 19:20:32 2013] [debug] Rendering template "home/welcome.html.ep".
[Sun Sep  1 19:20:32 2013] [debug] Rendering template "layouts/default.html.ep".
[Sun Sep  1 19:20:32 2013] [debug] 200 OK (0.019053s, 52.485/s).
[Sun Sep  1 19:21:03 2013] [debug] Your secret passphrase needs to be changed!!!
[Sun Sep  1 19:21:03 2013] [debug] GET "/".
[Sun Sep  1 19:21:03 2013] [debug] Routing to controller "BastideDeLaCroix::Home" and action "welcome".
[Sun Sep  1 19:21:03 2013] [debug] Rendering template "home/welcome.html.ep".
[Sun Sep  1 19:21:03 2013] [debug] Rendering template "layouts/default.html.ep".
[Sun Sep  1 19:21:03 2013] [debug] 200 OK (0.014221s, 70.319/s).
[Sun Sep  1 19:21:25 2013] [debug] Your secret passphrase needs to be changed!!!
[Sun Sep  1 19:21:25 2013] [debug] GET "/".
[Sun Sep  1 19:21:25 2013] [debug] Routing to controller "BastideDeLaCroix::Home" and action "welcome".
[Sun Sep  1 19:21:25 2013] [debug] Rendering template "home/welcome.html.ep".
[Sun Sep  1 19:21:25 2013] [debug] Rendering template "layouts/default.html.ep".
[Sun Sep  1 19:21:25 2013] [debug] 200 OK (0.014277s, 70.043/s).
[Sun Sep  1 19:23:37 2013] [debug] GET "/".
[Sun Sep  1 19:23:37 2013] [debug] Routing to controller "BastideDeLaCroix::Home" and action "welcome".
[Sun Sep  1 19:23:37 2013] [debug] Rendering cached template "home/welcome.html.ep".
[Sun Sep  1 19:23:37 2013] [debug] Rendering cached template "layouts/default.html.ep".
[Sun Sep  1 19:23:37 2013] [debug] 200 OK (0.001026s, 974.659/s).
[Sun Sep  1 19:23:39 2013] [debug] GET "/".
[Sun Sep  1 19:23:39 2013] [debug] Routing to controller "BastideDeLaCroix::Home" and action "welcome".
[Sun Sep  1 19:23:39 2013] [debug] Rendering cached template "home/welcome.html.ep".
[Sun Sep  1 19:23:39 2013] [debug] Rendering cached template "layouts/default.html.ep".
[Sun Sep  1 19:23:39 2013] [debug] 200 OK (0.001454s, 687.758/s).
[Sun Sep  1 19:24:17 2013] [debug] Your secret passphrase needs to be changed!!!
[Sun Sep  1 19:24:17 2013] [debug] GET "/".
[Sun Sep  1 19:24:17 2013] [debug] Routing to controller "BastideDeLaCroix::Home" and action "welcome".
[Sun Sep  1 19:24:17 2013] [debug] Rendering template "home/welcome.html.ep".
[Sun Sep  1 19:24:17 2013] [debug] Rendering template "layouts/default.html.ep".
[Sun Sep  1 19:24:17 2013] [debug] 200 OK (0.015262s, 65.522/s).
[Sun Sep  1 19:24:17 2013] [debug] GET "/img/circle_table.jpg".
[Sun Sep  1 19:24:17 2013] [debug] Template "not_found.development.html.ep" not found.
[Sun Sep  1 19:24:17 2013] [debug] Template "not_found.html.ep" not found.
[Sun Sep  1 19:24:17 2013] [debug] Rendering inline template.
[Sun Sep  1 19:24:17 2013] [debug] Rendering inline template.
[Sun Sep  1 19:24:17 2013] [debug] 404 Not Found (0.026701s, 37.452/s).
[Sun Sep  1 19:24:17 2013] [debug] GET "/img/circle_outdoor.jpg".
[Sun Sep  1 19:24:17 2013] [debug] Template "not_found.development.html.ep" not found.
[Sun Sep  1 19:24:17 2013] [debug] Template "not_found.html.ep" not found.
[Sun Sep  1 19:24:17 2013] [debug] Rendering cached inline template.
[Sun Sep  1 19:24:17 2013] [debug] Rendering cached inline template.
[Sun Sep  1 19:24:17 2013] [debug] 404 Not Found (0.006689s, 149.499/s).
[Sun Sep  1 19:25:35 2013] [debug] GET "/".
[Sun Sep  1 19:25:35 2013] [debug] Routing to controller "BastideDeLaCroix::Home" and action "welcome".
[Sun Sep  1 19:25:35 2013] [debug] Rendering cached template "home/welcome.html.ep".
[Sun Sep  1 19:25:35 2013] [debug] Rendering cached template "layouts/default.html.ep".
[Sun Sep  1 19:25:35 2013] [debug] 200 OK (0.001007s, 993.049/s).
[Sun Sep  1 19:27:34 2013] [debug] Your secret passphrase needs to be changed!!!
[Sun Sep  1 19:27:34 2013] [debug] GET "/".
[Sun Sep  1 19:27:34 2013] [debug] Routing to controller "BastideDeLaCroix::Home" and action "welcome".
[Sun Sep  1 19:27:34 2013] [debug] Rendering template "home/welcome.html.ep".
[Sun Sep  1 19:27:34 2013] [debug] Rendering template "layouts/default.html.ep".
[Sun Sep  1 19:27:34 2013] [debug] 200 OK (0.015408s, 64.901/s).
[Mon Sep  2 21:27:49 2013] [debug] Your secret passphrase needs to be changed!!!
[Mon Sep  2 21:27:49 2013] [debug] GET "/".
[Mon Sep  2 21:27:49 2013] [debug] Routing to controller "BastideDeLaCroix::Home" and action "welcome".
[Mon Sep  2 21:27:49 2013] [debug] Rendering template "home/welcome.html.ep".
[Mon Sep  2 21:27:49 2013] [debug] Rendering template "layouts/default.html.ep".
[Mon Sep  2 21:27:49 2013] [debug] 200 OK (0.019120s, 52.301/s).
[Mon Sep  2 21:29:58 2013] [debug] Your secret passphrase needs to be changed!!!
[Mon Sep  2 21:29:58 2013] [debug] GET "/".
[Mon Sep  2 21:29:58 2013] [debug] Routing to controller "BastideDeLaCroix::Home" and action "welcome".
[Mon Sep  2 21:29:58 2013] [debug] Rendering template "home/welcome.html.ep".
[Mon Sep  2 21:29:58 2013] [debug] Rendering template "layouts/default.html.ep".
[Mon Sep  2 21:29:58 2013] [debug] 200 OK (0.015394s, 64.960/s).
[Mon Sep  2 21:37:43 2013] [debug] Your secret passphrase needs to be changed!!!
[Mon Sep  2 21:37:43 2013] [debug] GET "/".
[Mon Sep  2 21:37:43 2013] [debug] Routing to controller "BastideDeLaCroix::Home" and action "welcome".
[Mon Sep  2 21:37:43 2013] [debug] Rendering template "home/welcome.html.ep".
[Mon Sep  2 21:37:43 2013] [debug] Rendering template "layouts/default.html.ep".
[Mon Sep  2 21:37:43 2013] [debug] 200 OK (0.019126s, 52.285/s).
[Mon Sep  2 21:39:22 2013] [debug] Your secret passphrase needs to be changed!!!
[Mon Sep  2 21:39:22 2013] [debug] GET "/".
[Mon Sep  2 21:39:22 2013] [debug] Routing to controller "BastideDeLaCroix::Home" and action "welcome".
[Mon Sep  2 21:39:22 2013] [debug] Rendering template "home/welcome.html.ep".
[Mon Sep  2 21:39:22 2013] [debug] Rendering template "layouts/default.html.ep".
[Mon Sep  2 21:39:22 2013] [debug] 200 OK (0.014172s, 70.562/s).
[Mon Sep  2 21:39:24 2013] [debug] GET "/".
[Mon Sep  2 21:39:24 2013] [debug] Routing to controller "BastideDeLaCroix::Home" and action "welcome".
[Mon Sep  2 21:39:24 2013] [debug] Rendering cached template "home/welcome.html.ep".
[Mon Sep  2 21:39:24 2013] [debug] Rendering cached template "layouts/default.html.ep".
[Mon Sep  2 21:39:24 2013] [debug] 200 OK (0.001466s, 682.128/s).
[Mon Sep  2 21:39:26 2013] [debug] GET "/".
[Mon Sep  2 21:39:26 2013] [debug] Routing to controller "BastideDeLaCroix::Home" and action "welcome".
[Mon Sep  2 21:39:26 2013] [debug] Rendering cached template "home/welcome.html.ep".
[Mon Sep  2 21:39:26 2013] [debug] Rendering cached template "layouts/default.html.ep".
[Mon Sep  2 21:39:26 2013] [debug] 200 OK (0.001101s, 908.265/s).
[Mon Sep  2 21:39:27 2013] [debug] GET "/".
[Mon Sep  2 21:39:27 2013] [debug] Routing to controller "BastideDeLaCroix::Home" and action "welcome".
[Mon Sep  2 21:39:27 2013] [debug] Rendering cached template "home/welcome.html.ep".
[Mon Sep  2 21:39:27 2013] [debug] Rendering cached template "layouts/default.html.ep".
[Mon Sep  2 21:39:27 2013] [debug] 200 OK (0.001572s, 636.132/s).
[Mon Sep  2 21:39:43 2013] [debug] Your secret passphrase needs to be changed!!!
[Mon Sep  2 21:39:43 2013] [debug] GET "/".
[Mon Sep  2 21:39:43 2013] [debug] Routing to controller "BastideDeLaCroix::Home" and action "welcome".
[Mon Sep  2 21:39:43 2013] [debug] Rendering template "home/welcome.html.ep".
[Mon Sep  2 21:39:43 2013] [debug] Rendering template "layouts/default.html.ep".
[Mon Sep  2 21:39:43 2013] [debug] 200 OK (0.013243s, 75.512/s).
[Mon Sep  2 21:39:45 2013] [debug] GET "/".
[Mon Sep  2 21:39:45 2013] [debug] Routing to controller "BastideDeLaCroix::Home" and action "welcome".
[Mon Sep  2 21:39:45 2013] [debug] Rendering cached template "home/welcome.html.ep".
[Mon Sep  2 21:39:45 2013] [debug] Rendering cached template "layouts/default.html.ep".
[Mon Sep  2 21:39:45 2013] [debug] 200 OK (0.001017s, 983.284/s).
[Mon Sep  2 21:39:46 2013] [debug] GET "/".
[Mon Sep  2 21:39:46 2013] [debug] Routing to controller "BastideDeLaCroix::Home" and action "welcome".
[Mon Sep  2 21:39:46 2013] [debug] Rendering cached template "home/welcome.html.ep".
[Mon Sep  2 21:39:46 2013] [debug] Rendering cached template "layouts/default.html.ep".
[Mon Sep  2 21:39:46 2013] [debug] 200 OK (0.001436s, 696.379/s).
[Mon Sep  2 21:39:47 2013] [debug] GET "/".
[Mon Sep  2 21:39:47 2013] [debug] Routing to controller "BastideDeLaCroix::Home" and action "welcome".
[Mon Sep  2 21:39:47 2013] [debug] Rendering cached template "home/welcome.html.ep".
[Mon Sep  2 21:39:47 2013] [debug] Rendering cached template "layouts/default.html.ep".
[Mon Sep  2 21:39:47 2013] [debug] 200 OK (0.001082s, 924.214/s).
[Mon Sep  2 21:45:52 2013] [debug] Your secret passphrase needs to be changed!!!
[Mon Sep  2 21:45:52 2013] [debug] GET "/".
[Mon Sep  2 21:45:52 2013] [debug] Routing to controller "BastideDeLaCroix::Home" and action "welcome".
[Mon Sep  2 21:45:52 2013] [debug] Rendering template "home/welcome.html.ep".
[Mon Sep  2 21:45:52 2013] [debug] Rendering template "layouts/default.html.ep".
[Mon Sep  2 21:45:52 2013] [debug] 200 OK (0.017615s, 56.770/s).
[Mon Sep  2 21:48:39 2013] [debug] Your secret passphrase needs to be changed!!!
[Mon Sep  2 21:48:39 2013] [debug] GET "/".
[Mon Sep  2 21:48:39 2013] [debug] Routing to controller "BastideDeLaCroix::Home" and action "welcome".
[Mon Sep  2 21:48:39 2013] [debug] Rendering template "home/welcome.html.ep".
[Mon Sep  2 21:48:39 2013] [debug] Rendering template "layouts/default.html.ep".
[Mon Sep  2 21:48:39 2013] [debug] 200 OK (0.014521s, 68.866/s).
[Mon Sep  2 21:48:41 2013] [debug] GET "/".
[Mon Sep  2 21:48:41 2013] [debug] Routing to controller "BastideDeLaCroix::Home" and action "welcome".
[Mon Sep  2 21:48:41 2013] [debug] Rendering cached template "home/welcome.html.ep".
[Mon Sep  2 21:48:41 2013] [debug] Rendering cached template "layouts/default.html.ep".
[Mon Sep  2 21:48:41 2013] [debug] 200 OK (0.001317s, 759.301/s).
[Mon Sep  2 21:51:54 2013] [debug] Your secret passphrase needs to be changed!!!
[Mon Sep  2 21:51:54 2013] [debug] GET "/".
[Mon Sep  2 21:51:54 2013] [debug] Routing to controller "BastideDeLaCroix::Home" and action "welcome".
[Mon Sep  2 21:51:54 2013] [debug] Rendering template "home/welcome.html.ep".
[Mon Sep  2 21:51:54 2013] [debug] Rendering template "layouts/default.html.ep".
[Mon Sep  2 21:51:54 2013] [debug] 200 OK (0.020355s, 49.128/s).
[Mon Sep  2 21:53:26 2013] [debug] Your secret passphrase needs to be changed!!!
[Mon Sep  2 21:53:26 2013] [debug] GET "/".
[Mon Sep  2 21:53:26 2013] [debug] Routing to controller "BastideDeLaCroix::Home" and action "welcome".
[Mon Sep  2 21:53:26 2013] [debug] Rendering template "home/welcome.html.ep".
[Mon Sep  2 21:53:26 2013] [debug] Rendering template "layouts/default.html.ep".
[Mon Sep  2 21:53:26 2013] [debug] 200 OK (0.020429s, 48.950/s).
[Mon Sep  2 21:56:25 2013] [debug] Your secret passphrase needs to be changed!!!
[Mon Sep  2 21:56:25 2013] [debug] GET "/".
[Mon Sep  2 21:56:25 2013] [debug] Routing to controller "BastideDeLaCroix::Home" and action "welcome".
[Mon Sep  2 21:56:25 2013] [debug] Rendering template "home/welcome.html.ep".
[Mon Sep  2 21:56:25 2013] [debug] Rendering template "layouts/default.html.ep".
[Mon Sep  2 21:56:25 2013] [debug] 200 OK (0.014379s, 69.546/s).
[Mon Sep  2 21:57:41 2013] [debug] Your secret passphrase needs to be changed!!!
[Mon Sep  2 21:57:41 2013] [debug] GET "/".
[Mon Sep  2 21:57:41 2013] [debug] Routing to controller "BastideDeLaCroix::Home" and action "welcome".
[Mon Sep  2 21:57:42 2013] [debug] Rendering template "home/welcome.html.ep".
[Mon Sep  2 21:57:42 2013] [debug] Rendering template "layouts/default.html.ep".
[Mon Sep  2 21:57:42 2013] [debug] 200 OK (0.014467s, 69.123/s).
[Mon Sep  2 21:58:37 2013] [debug] Your secret passphrase needs to be changed!!!
[Mon Sep  2 21:58:37 2013] [debug] GET "/".
[Mon Sep  2 21:58:37 2013] [debug] Routing to controller "BastideDeLaCroix::Home" and action "welcome".
[Mon Sep  2 21:58:37 2013] [debug] Rendering template "home/welcome.html.ep".
[Mon Sep  2 21:58:37 2013] [debug] Rendering template "layouts/default.html.ep".
[Mon Sep  2 21:58:37 2013] [debug] 200 OK (0.015488s, 64.566/s).
[Mon Sep  2 22:01:00 2013] [debug] Your secret passphrase needs to be changed!!!
[Mon Sep  2 22:01:00 2013] [debug] GET "/".
[Mon Sep  2 22:01:00 2013] [debug] Routing to controller "BastideDeLaCroix::Home" and action "welcome".
[Mon Sep  2 22:01:00 2013] [debug] Rendering template "home/welcome.html.ep".
[Mon Sep  2 22:01:00 2013] [debug] Rendering template "layouts/default.html.ep".
[Mon Sep  2 22:01:00 2013] [debug] 200 OK (0.018852s, 53.045/s).
[Mon Sep  2 22:06:03 2013] [debug] GET "/gallery".
[Mon Sep  2 22:06:03 2013] [debug] Routing to controller "BastideDeLaCroix::Home" and action "gallery".
[Mon Sep  2 22:06:03 2013] [debug] Rendering template "home/gallery.html.ep".
[Mon Sep  2 22:06:03 2013] [debug] Rendering cached template "layouts/default.html.ep".
[Mon Sep  2 22:06:03 2013] [debug] 200 OK (0.006308s, 158.529/s).
[Mon Sep  2 22:08:11 2013] [debug] GET "/".
[Mon Sep  2 22:08:11 2013] [debug] Routing to controller "BastideDeLaCroix::Home" and action "welcome".
[Mon Sep  2 22:08:11 2013] [debug] Rendering cached template "home/welcome.html.ep".
[Mon Sep  2 22:08:11 2013] [debug] Rendering cached template "layouts/default.html.ep".
[Mon Sep  2 22:08:11 2013] [debug] 200 OK (0.001155s, 865.801/s).
[Mon Sep  2 22:16:51 2013] [debug] Your secret passphrase needs to be changed!!!
[Mon Sep  2 22:16:51 2013] [debug] GET "/".
[Mon Sep  2 22:16:51 2013] [debug] Routing to controller "BastideDeLaCroix::Home" and action "welcome".
[Mon Sep  2 22:16:51 2013] [debug] Rendering template "home/welcome.html.ep".
[Mon Sep  2 22:16:51 2013] [debug] Rendering template "layouts/default.html.ep".
[Mon Sep  2 22:16:51 2013] [debug] 200 OK (0.021795s, 45.882/s).
[Mon Sep  2 22:17:33 2013] [debug] Your secret passphrase needs to be changed!!!
[Mon Sep  2 22:17:33 2013] [debug] GET "/".
[Mon Sep  2 22:17:33 2013] [debug] Routing to controller "BastideDeLaCroix::Home" and action "welcome".
[Mon Sep  2 22:17:33 2013] [debug] Rendering template "home/welcome.html.ep".
[Mon Sep  2 22:17:33 2013] [debug] Rendering template "layouts/default.html.ep".
[Mon Sep  2 22:17:33 2013] [debug] 200 OK (0.020247s, 49.390/s).
[Mon Sep  2 22:18:15 2013] [debug] Your secret passphrase needs to be changed!!!
[Mon Sep  2 22:18:15 2013] [debug] GET "/".
[Mon Sep  2 22:18:15 2013] [debug] Routing to controller "BastideDeLaCroix::Home" and action "welcome".
[Mon Sep  2 22:18:15 2013] [debug] Rendering template "home/welcome.html.ep".
[Mon Sep  2 22:18:15 2013] [debug] Rendering template "layouts/default.html.ep".
[Mon Sep  2 22:18:15 2013] [debug] 200 OK (0.018845s, 53.064/s).
[Mon Sep  2 22:18:17 2013] [debug] GET "/".
[Mon Sep  2 22:18:17 2013] [debug] Routing to controller "BastideDeLaCroix::Home" and action "welcome".
[Mon Sep  2 22:18:17 2013] [debug] Rendering cached template "home/welcome.html.ep".
[Mon Sep  2 22:18:17 2013] [debug] Rendering cached template "layouts/default.html.ep".
[Mon Sep  2 22:18:17 2013] [debug] 200 OK (0.001376s, 726.744/s).
[Mon Sep  2 22:18:29 2013] [debug] Your secret passphrase needs to be changed!!!
[Mon Sep  2 22:18:29 2013] [debug] GET "/".
[Mon Sep  2 22:18:29 2013] [debug] Routing to controller "BastideDeLaCroix::Home" and action "welcome".
[Mon Sep  2 22:18:29 2013] [debug] Rendering template "home/welcome.html.ep".
[Mon Sep  2 22:18:29 2013] [debug] Rendering template "layouts/default.html.ep".
[Mon Sep  2 22:18:29 2013] [debug] 200 OK (0.015733s, 63.561/s).
[Mon Sep  2 22:19:30 2013] [debug] Your secret passphrase needs to be changed!!!
[Mon Sep  2 22:19:30 2013] [debug] GET "/".
[Mon Sep  2 22:19:30 2013] [debug] Routing to controller "BastideDeLaCroix::Home" and action "welcome".
[Mon Sep  2 22:19:30 2013] [debug] Rendering template "home/welcome.html.ep".
[Mon Sep  2 22:19:30 2013] [debug] Rendering template "layouts/default.html.ep".
[Mon Sep  2 22:19:30 2013] [debug] 200 OK (0.019985s, 50.038/s).
[Mon Sep  2 22:20:37 2013] [debug] Your secret passphrase needs to be changed!!!
[Mon Sep  2 22:20:37 2013] [debug] GET "/".
[Mon Sep  2 22:20:37 2013] [debug] Routing to controller "BastideDeLaCroix::Home" and action "welcome".
[Mon Sep  2 22:20:37 2013] [debug] Rendering template "home/welcome.html.ep".
[Mon Sep  2 22:20:37 2013] [debug] Rendering template "layouts/default.html.ep".
[Mon Sep  2 22:20:37 2013] [debug] 200 OK (0.034256s, 29.192/s).
[Mon Sep  2 22:21:19 2013] [debug] Your secret passphrase needs to be changed!!!
[Mon Sep  2 22:21:19 2013] [debug] GET "/".
[Mon Sep  2 22:21:19 2013] [debug] Routing to controller "BastideDeLaCroix::Home" and action "welcome".
[Mon Sep  2 22:21:19 2013] [debug] Rendering template "home/welcome.html.ep".
[Mon Sep  2 22:21:19 2013] [debug] Rendering template "layouts/default.html.ep".
[Mon Sep  2 22:21:19 2013] [debug] 200 OK (0.018096s, 55.261/s).
[Mon Sep  2 22:37:17 2013] [debug] Your secret passphrase needs to be changed!!!
[Mon Sep  2 22:37:17 2013] [debug] GET "/".
[Mon Sep  2 22:37:17 2013] [debug] Routing to controller "BastideDeLaCroix::Home" and action "welcome".
[Mon Sep  2 22:37:17 2013] [debug] Rendering template "home/welcome.html.ep".
[Mon Sep  2 22:37:17 2013] [debug] Rendering template "layouts/default.html.ep".
[Mon Sep  2 22:37:17 2013] [debug] 200 OK (0.027042s, 36.980/s).
[Mon Sep  2 22:44:11 2013] [debug] Your secret passphrase needs to be changed!!!
[Mon Sep  2 22:44:11 2013] [debug] GET "/".
[Mon Sep  2 22:44:11 2013] [debug] Routing to controller "BastideDeLaCroix::Home" and action "welcome".
[Mon Sep  2 22:44:11 2013] [debug] Rendering template "home/welcome.html.ep".
[Mon Sep  2 22:44:11 2013] [debug] Rendering template "layouts/default.html.ep".
[Mon Sep  2 22:44:11 2013] [debug] 200 OK (0.018407s, 54.327/s).
[Mon Sep  2 22:44:53 2013] [debug] Your secret passphrase needs to be changed!!!
[Mon Sep  2 22:44:53 2013] [debug] GET "/".
[Mon Sep  2 22:44:53 2013] [debug] Routing to controller "BastideDeLaCroix::Home" and action "welcome".
[Mon Sep  2 22:44:53 2013] [debug] Rendering template "home/welcome.html.ep".
[Mon Sep  2 22:44:53 2013] [debug] Rendering template "layouts/default.html.ep".
[Mon Sep  2 22:44:53 2013] [debug] 200 OK (0.019056s, 52.477/s).
[Mon Sep  2 22:46:56 2013] [debug] Your secret passphrase needs to be changed!!!
[Mon Sep  2 22:46:56 2013] [debug] GET "/".
[Mon Sep  2 22:46:56 2013] [debug] Routing to controller "BastideDeLaCroix::Home" and action "welcome".
[Mon Sep  2 22:46:56 2013] [debug] Rendering template "home/welcome.html.ep".
[Mon Sep  2 22:46:56 2013] [debug] Rendering template "layouts/default.html.ep".
[Mon Sep  2 22:46:56 2013] [debug] 200 OK (0.017253s, 57.961/s).
[Mon Sep  2 22:47:41 2013] [debug] Your secret passphrase needs to be changed!!!
[Mon Sep  2 22:47:41 2013] [debug] GET "/".
[Mon Sep  2 22:47:41 2013] [debug] Routing to controller "BastideDeLaCroix::Home" and action "welcome".
[Mon Sep  2 22:47:41 2013] [debug] Rendering template "home/welcome.html.ep".
[Mon Sep  2 22:47:41 2013] [debug] Rendering template "layouts/default.html.ep".
[Mon Sep  2 22:47:41 2013] [debug] 200 OK (0.019740s, 50.659/s).
[Tue Sep  3 19:37:46 2013] [debug] GET "/".
[Tue Sep  3 19:37:46 2013] [debug] Routing to controller "BastideDeLaCroix::Home" and action "welcome".
[Tue Sep  3 19:37:46 2013] [debug] Rendering cached template "home/welcome.html.ep".
[Tue Sep  3 19:37:46 2013] [debug] Rendering cached template "layouts/default.html.ep".
[Tue Sep  3 19:37:46 2013] [debug] 200 OK (0.023142s, 43.211/s).
[Tue Sep  3 19:39:23 2013] [debug] GET "/gallery".
[Tue Sep  3 19:39:23 2013] [debug] Routing to controller "BastideDeLaCroix::Home" and action "gallery".
[Tue Sep  3 19:39:23 2013] [debug] Rendering template "home/gallery.html.ep".
[Tue Sep  3 19:39:23 2013] [debug] Rendering cached template "layouts/default.html.ep".
[Tue Sep  3 19:39:23 2013] [debug] 200 OK (0.023090s, 43.309/s).
[Tue Sep  3 19:45:40 2013] [debug] Your secret passphrase needs to be changed!!!
[Tue Sep  3 19:45:40 2013] [debug] GET "/gallery".
[Tue Sep  3 19:45:40 2013] [debug] Routing to controller "BastideDeLaCroix::Home" and action "gallery".
[Tue Sep  3 19:45:40 2013] [debug] Rendering template "home/gallery.html.ep".
[Tue Sep  3 19:45:40 2013] [debug] Rendering template "layouts/default.html.ep".
[Tue Sep  3 19:45:40 2013] [debug] 200 OK (0.018418s, 54.295/s).
[Tue Sep  3 19:46:45 2013] [debug] Your secret passphrase needs to be changed!!!
[Tue Sep  3 19:46:45 2013] [debug] GET "/gallery".
[Tue Sep  3 19:46:45 2013] [debug] Routing to controller "BastideDeLaCroix::Home" and action "gallery".
[Tue Sep  3 19:46:45 2013] [debug] Rendering template "home/gallery.html.ep".
[Tue Sep  3 19:46:45 2013] [debug] Rendering template "layouts/default.html.ep".
[Tue Sep  3 19:46:45 2013] [debug] 200 OK (0.014811s, 67.517/s).
[Tue Sep  3 19:47:58 2013] [debug] Your secret passphrase needs to be changed!!!
[Tue Sep  3 19:47:58 2013] [debug] GET "/gallery".
[Tue Sep  3 19:47:58 2013] [debug] Routing to controller "BastideDeLaCroix::Home" and action "gallery".
[Tue Sep  3 19:47:58 2013] [debug] Rendering template "home/gallery.html.ep".
[Tue Sep  3 19:47:58 2013] [debug] Rendering template "layouts/default.html.ep".
[Tue Sep  3 19:47:58 2013] [debug] 200 OK (0.014860s, 67.295/s).
[Tue Sep  3 19:48:30 2013] [debug] Your secret passphrase needs to be changed!!!
[Tue Sep  3 19:48:30 2013] [debug] GET "/gallery".
[Tue Sep  3 19:48:30 2013] [debug] Routing to controller "BastideDeLaCroix::Home" and action "gallery".
[Tue Sep  3 19:48:30 2013] [debug] Rendering template "home/gallery.html.ep".
[Tue Sep  3 19:48:30 2013] [debug] Rendering template "layouts/default.html.ep".
[Tue Sep  3 19:48:30 2013] [debug] 200 OK (0.013922s, 71.829/s).
[Tue Sep  3 19:51:31 2013] [debug] Your secret passphrase needs to be changed!!!
[Tue Sep  3 19:51:31 2013] [debug] GET "/gallery".
[Tue Sep  3 19:51:31 2013] [debug] Routing to controller "BastideDeLaCroix::Home" and action "gallery".
[Tue Sep  3 19:51:31 2013] [debug] Rendering template "home/gallery.html.ep".
[Tue Sep  3 19:51:31 2013] [debug] Rendering template "layouts/default.html.ep".
[Tue Sep  3 19:51:31 2013] [debug] 200 OK (0.015715s, 63.633/s).
[Tue Sep  3 19:53:37 2013] [debug] Your secret passphrase needs to be changed!!!
[Tue Sep  3 19:53:37 2013] [debug] GET "/gallery".
[Tue Sep  3 19:53:37 2013] [debug] Routing to controller "BastideDeLaCroix::Home" and action "gallery".
[Tue Sep  3 19:53:37 2013] [debug] Rendering template "home/gallery.html.ep".
[Tue Sep  3 19:53:37 2013] [debug] Rendering template "layouts/default.html.ep".
[Tue Sep  3 19:53:37 2013] [debug] 200 OK (0.022610s, 44.228/s).
[Tue Sep  3 19:56:05 2013] [debug] Your secret passphrase needs to be changed!!!
[Tue Sep  3 19:56:05 2013] [debug] GET "/gallery".
[Tue Sep  3 19:56:05 2013] [debug] Routing to controller "BastideDeLaCroix::Home" and action "gallery".
[Tue Sep  3 19:56:05 2013] [debug] Rendering template "home/gallery.html.ep".
[Tue Sep  3 19:56:05 2013] [debug] Rendering template "layouts/default.html.ep".
[Tue Sep  3 19:56:05 2013] [debug] 200 OK (0.030579s, 32.702/s).
[Tue Sep  3 19:57:25 2013] [debug] Your secret passphrase needs to be changed!!!
[Tue Sep  3 19:57:25 2013] [debug] GET "/gallery".
[Tue Sep  3 19:57:25 2013] [debug] Routing to controller "BastideDeLaCroix::Home" and action "gallery".
[Tue Sep  3 19:57:25 2013] [debug] Rendering template "home/gallery.html.ep".
[Tue Sep  3 19:57:25 2013] [debug] Rendering template "layouts/default.html.ep".
[Tue Sep  3 19:57:25 2013] [debug] 200 OK (0.023897s, 41.846/s).
[Tue Sep  3 19:57:28 2013] [debug] GET "/".
[Tue Sep  3 19:57:28 2013] [debug] Routing to controller "BastideDeLaCroix::Home" and action "welcome".
[Tue Sep  3 19:57:28 2013] [debug] Rendering template "home/welcome.html.ep".
[Tue Sep  3 19:57:28 2013] [debug] Rendering cached template "layouts/default.html.ep".
[Tue Sep  3 19:57:28 2013] [debug] 200 OK (0.008349s, 119.775/s).
[Tue Sep  3 19:57:29 2013] [debug] GET "/gallery".
[Tue Sep  3 19:57:29 2013] [debug] Routing to controller "BastideDeLaCroix::Home" and action "gallery".
[Tue Sep  3 19:57:29 2013] [debug] Rendering cached template "home/gallery.html.ep".
[Tue Sep  3 19:57:29 2013] [debug] Rendering cached template "layouts/default.html.ep".
[Tue Sep  3 19:57:29 2013] [debug] 200 OK (0.001021s, 979.432/s).
[Tue Sep  3 19:57:31 2013] [debug] GET "/gallery".
[Tue Sep  3 19:57:31 2013] [debug] Routing to controller "BastideDeLaCroix::Home" and action "gallery".
[Tue Sep  3 19:57:31 2013] [debug] Rendering cached template "home/gallery.html.ep".
[Tue Sep  3 19:57:31 2013] [debug] Rendering cached template "layouts/default.html.ep".
[Tue Sep  3 19:57:31 2013] [debug] 200 OK (0.001010s, 990.099/s).
[Tue Sep  3 19:57:32 2013] [debug] GET "/".
[Tue Sep  3 19:57:32 2013] [debug] Routing to controller "BastideDeLaCroix::Home" and action "welcome".
[Tue Sep  3 19:57:32 2013] [debug] Rendering cached template "home/welcome.html.ep".
[Tue Sep  3 19:57:32 2013] [debug] Rendering cached template "layouts/default.html.ep".
[Tue Sep  3 19:57:32 2013] [debug] 200 OK (0.001093s, 914.913/s).
[Tue Sep  3 19:57:33 2013] [debug] GET "/gallery".
[Tue Sep  3 19:57:33 2013] [debug] Routing to controller "BastideDeLaCroix::Home" and action "gallery".
[Tue Sep  3 19:57:33 2013] [debug] Rendering cached template "home/gallery.html.ep".
[Tue Sep  3 19:57:33 2013] [debug] Rendering cached template "layouts/default.html.ep".
[Tue Sep  3 19:57:33 2013] [debug] 200 OK (0.001103s, 906.618/s).
[Tue Sep  3 19:58:19 2013] [debug] GET "/contact".
[Tue Sep  3 19:58:19 2013] [debug] Template "not_found.development.html.ep" not found.
[Tue Sep  3 19:58:19 2013] [debug] Template "not_found.html.ep" not found.
[Tue Sep  3 19:58:19 2013] [debug] Rendering inline template.
[Tue Sep  3 19:58:19 2013] [debug] Rendering inline template.
[Tue Sep  3 19:58:19 2013] [debug] 404 Not Found (0.021933s, 45.593/s).
[Tue Sep  3 20:00:44 2013] [debug] Your secret passphrase needs to be changed!!!
[Tue Sep  3 20:00:44 2013] [debug] GET "/gallery".
[Tue Sep  3 20:00:44 2013] [debug] Routing to controller "BastideDeLaCroix::Home" and action "gallery".
[Tue Sep  3 20:00:44 2013] [debug] Rendering template "home/gallery.html.ep".
[Tue Sep  3 20:00:44 2013] [debug] Rendering template "layouts/default.html.ep".
[Tue Sep  3 20:00:44 2013] [debug] 200 OK (0.043342s, 23.072/s).
[Tue Sep  3 20:01:43 2013] [debug] Your secret passphrase needs to be changed!!!
[Tue Sep  3 20:01:43 2013] [debug] GET "/gallery".
[Tue Sep  3 20:01:43 2013] [debug] Routing to controller "BastideDeLaCroix::Home" and action "gallery".
[Tue Sep  3 20:01:43 2013] [debug] Rendering template "home/gallery.html.ep".
[Tue Sep  3 20:01:43 2013] [debug] Rendering template "layouts/default.html.ep".
[Tue Sep  3 20:01:43 2013] [debug] 200 OK (0.033551s, 29.805/s).
[Tue Sep  3 20:32:36 2013] [debug] GET "/gallery".
[Tue Sep  3 20:32:36 2013] [debug] Routing to controller "BastideDeLaCroix::Home" and action "gallery".
[Tue Sep  3 20:32:36 2013] [debug] Rendering cached template "home/gallery.html.ep".
[Tue Sep  3 20:32:36 2013] [debug] Rendering cached template "layouts/default.html.ep".
[Tue Sep  3 20:32:36 2013] [debug] 200 OK (0.001025s, 975.610/s).
[Tue Sep  3 20:32:52 2013] [debug] Your secret passphrase needs to be changed!!!
[Tue Sep  3 20:32:52 2013] [debug] GET "/gallery".
[Tue Sep  3 20:32:52 2013] [debug] Routing to controller "BastideDeLaCroix::Home" and action "gallery".
[Tue Sep  3 20:32:52 2013] [debug] Rendering template "home/gallery.html.ep".
[Tue Sep  3 20:32:53 2013] [debug] Rendering template "layouts/default.html.ep".
[Tue Sep  3 20:32:53 2013] [debug] 200 OK (0.683581s, 1.463/s).
[Tue Sep  3 20:34:27 2013] [debug] Your secret passphrase needs to be changed!!!
[Tue Sep  3 20:34:27 2013] [debug] GET "/gallery".
[Tue Sep  3 20:34:27 2013] [debug] Routing to controller "BastideDeLaCroix::Home" and action "gallery".
[Tue Sep  3 20:34:27 2013] [debug] Rendering template "home/gallery.html.ep".
[Tue Sep  3 20:34:27 2013] [debug] Rendering template "layouts/default.html.ep".
[Tue Sep  3 20:34:27 2013] [debug] 200 OK (0.040855s, 24.477/s).
[Tue Sep  3 20:35:17 2013] [debug] Your secret passphrase needs to be changed!!!
[Tue Sep  3 20:35:17 2013] [debug] GET "/gallery".
[Tue Sep  3 20:35:17 2013] [debug] Routing to controller "BastideDeLaCroix::Home" and action "gallery".
[Tue Sep  3 20:35:17 2013] [debug] Rendering template "home/gallery.html.ep".
[Tue Sep  3 20:35:17 2013] [debug] Rendering template "layouts/default.html.ep".
[Tue Sep  3 20:35:17 2013] [debug] 200 OK (0.041220s, 24.260/s).
[Tue Sep  3 20:40:30 2013] [debug] Your secret passphrase needs to be changed!!!
[Tue Sep  3 20:40:30 2013] [debug] GET "/gallery".
[Tue Sep  3 20:40:30 2013] [debug] Routing to controller "BastideDeLaCroix::Home" and action "gallery".
[Tue Sep  3 20:40:30 2013] [debug] Rendering template "home/gallery.html.ep".
[Tue Sep  3 20:40:30 2013] [debug] Rendering template "layouts/default.html.ep".
[Tue Sep  3 20:40:30 2013] [debug] 200 OK (0.028236s, 35.416/s).
[Tue Sep  3 20:41:36 2013] [debug] GET "/gallery".
[Tue Sep  3 20:41:36 2013] [debug] Routing to controller "BastideDeLaCroix::Home" and action "gallery".
[Tue Sep  3 20:41:36 2013] [debug] Rendering cached template "home/gallery.html.ep".
[Tue Sep  3 20:41:36 2013] [debug] Rendering cached template "layouts/default.html.ep".
[Tue Sep  3 20:41:36 2013] [debug] 200 OK (0.001147s, 871.840/s).
[Tue Sep  3 20:46:10 2013] [debug] Your secret passphrase needs to be changed!!!
[Tue Sep  3 20:46:10 2013] [debug] GET "/gallery".
[Tue Sep  3 20:46:10 2013] [debug] Routing to controller "BastideDeLaCroix::Home" and action "gallery".
[Tue Sep  3 20:46:10 2013] [debug] Rendering template "home/gallery.html.ep".
[Tue Sep  3 20:46:10 2013] [debug] Rendering template "layouts/default.html.ep".
[Tue Sep  3 20:46:10 2013] [debug] 200 OK (0.030020s, 33.311/s).
[Tue Sep  3 20:49:30 2013] [debug] Your secret passphrase needs to be changed!!!
[Tue Sep  3 20:49:30 2013] [debug] GET "/gallery".
[Tue Sep  3 20:49:30 2013] [debug] Routing to controller "BastideDeLaCroix::Home" and action "gallery".
[Tue Sep  3 20:49:30 2013] [debug] Rendering template "home/gallery.html.ep".
[Tue Sep  3 20:49:30 2013] [debug] Rendering template "layouts/default.html.ep".
[Tue Sep  3 20:49:30 2013] [debug] 200 OK (0.027934s, 35.799/s).
[Tue Sep  3 20:49:44 2013] [debug] Your secret passphrase needs to be changed!!!
[Tue Sep  3 20:49:44 2013] [debug] GET "/gallery".
[Tue Sep  3 20:49:44 2013] [debug] Routing to controller "BastideDeLaCroix::Home" and action "gallery".
[Tue Sep  3 20:49:44 2013] [debug] Rendering template "home/gallery.html.ep".
[Tue Sep  3 20:49:44 2013] [debug] Rendering template "layouts/default.html.ep".
[Tue Sep  3 20:49:44 2013] [debug] 200 OK (0.029423s, 33.987/s).
[Tue Sep  3 20:54:14 2013] [debug] Your secret passphrase needs to be changed!!!
[Tue Sep  3 20:54:14 2013] [debug] GET "/gallery".
[Tue Sep  3 20:54:14 2013] [debug] Routing to controller "BastideDeLaCroix::Home" and action "gallery".
[Tue Sep  3 20:54:14 2013] [debug] Rendering template "home/gallery.html.ep".
[Tue Sep  3 20:54:14 2013] [debug] Rendering template "layouts/default.html.ep".
[Tue Sep  3 20:54:14 2013] [debug] 200 OK (0.027917s, 35.820/s).
[Tue Sep  3 20:54:16 2013] [debug] GET "/gallery".
[Tue Sep  3 20:54:16 2013] [debug] Routing to controller "BastideDeLaCroix::Home" and action "gallery".
[Tue Sep  3 20:54:16 2013] [debug] Rendering cached template "home/gallery.html.ep".
[Tue Sep  3 20:54:16 2013] [debug] Rendering cached template "layouts/default.html.ep".
[Tue Sep  3 20:54:16 2013] [debug] 200 OK (0.001890s, 529.101/s).
[Tue Sep  3 20:55:00 2013] [debug] Your secret passphrase needs to be changed!!!
[Tue Sep  3 20:55:00 2013] [debug] GET "/gallery".
[Tue Sep  3 20:55:00 2013] [debug] Routing to controller "BastideDeLaCroix::Home" and action "gallery".
[Tue Sep  3 20:55:00 2013] [debug] Rendering template "home/gallery.html.ep".
[Tue Sep  3 20:55:00 2013] [debug] Rendering template "layouts/default.html.ep".
[Tue Sep  3 20:55:00 2013] [debug] 200 OK (0.029551s, 33.840/s).
[Tue Sep  3 20:55:02 2013] [debug] GET "/gallery".
[Tue Sep  3 20:55:02 2013] [debug] Routing to controller "BastideDeLaCroix::Home" and action "gallery".
[Tue Sep  3 20:55:02 2013] [debug] Rendering cached template "home/gallery.html.ep".
[Tue Sep  3 20:55:02 2013] [debug] Rendering cached template "layouts/default.html.ep".
[Tue Sep  3 20:55:02 2013] [debug] 200 OK (0.001142s, 875.657/s).
[Tue Sep  3 20:55:42 2013] [debug] Your secret passphrase needs to be changed!!!
[Tue Sep  3 20:55:42 2013] [debug] GET "/gallery".
[Tue Sep  3 20:55:42 2013] [debug] Routing to controller "BastideDeLaCroix::Home" and action "gallery".
[Tue Sep  3 20:55:42 2013] [debug] Rendering template "home/gallery.html.ep".
[Tue Sep  3 20:55:42 2013] [debug] Rendering template "layouts/default.html.ep".
[Tue Sep  3 20:55:42 2013] [debug] 200 OK (0.030240s, 33.069/s).
[Tue Sep  3 21:00:02 2013] [debug] Your secret passphrase needs to be changed!!!
[Tue Sep  3 21:00:02 2013] [debug] GET "/gallery".
[Tue Sep  3 21:00:02 2013] [debug] Routing to controller "BastideDeLaCroix::Home" and action "gallery".
[Tue Sep  3 21:00:02 2013] [debug] Rendering template "home/gallery.html.ep".
[Tue Sep  3 21:00:02 2013] [debug] Rendering template "layouts/default.html.ep".
[Tue Sep  3 21:00:02 2013] [debug] 200 OK (0.032769s, 30.517/s).
[Tue Sep  3 21:00:30 2013] [debug] GET "/gallery".
[Tue Sep  3 21:00:30 2013] [debug] Routing to controller "BastideDeLaCroix::Home" and action "gallery".
[Tue Sep  3 21:00:30 2013] [debug] Rendering cached template "home/gallery.html.ep".
[Tue Sep  3 21:00:30 2013] [debug] Rendering cached template "layouts/default.html.ep".
[Tue Sep  3 21:00:30 2013] [debug] 200 OK (0.001175s, 851.064/s).
[Tue Sep  3 21:00:46 2013] [debug] GET "/gallery".
[Tue Sep  3 21:00:46 2013] [debug] Routing to controller "BastideDeLaCroix::Home" and action "gallery".
[Tue Sep  3 21:00:46 2013] [debug] Rendering cached template "home/gallery.html.ep".
[Tue Sep  3 21:00:46 2013] [debug] Rendering cached template "layouts/default.html.ep".
[Tue Sep  3 21:00:46 2013] [debug] 200 OK (0.001126s, 888.099/s).
[Tue Sep  3 21:01:20 2013] [debug] GET "/".
[Tue Sep  3 21:01:20 2013] [debug] Routing to controller "BastideDeLaCroix::Home" and action "welcome".
[Tue Sep  3 21:01:20 2013] [debug] Rendering template "home/welcome.html.ep".
[Tue Sep  3 21:01:20 2013] [debug] Rendering cached template "layouts/default.html.ep".
[Tue Sep  3 21:01:20 2013] [debug] 200 OK (0.009391s, 106.485/s).
[Tue Sep  3 21:08:28 2013] [debug] GET "/gallery".
[Tue Sep  3 21:08:28 2013] [debug] Routing to controller "BastideDeLaCroix::Home" and action "gallery".
[Tue Sep  3 21:08:28 2013] [debug] Rendering cached template "home/gallery.html.ep".
[Tue Sep  3 21:08:28 2013] [debug] Rendering cached template "layouts/default.html.ep".
[Tue Sep  3 21:08:28 2013] [debug] 200 OK (0.001408s, 710.227/s).
[Tue Sep  3 21:09:09 2013] [debug] GET "/".
[Tue Sep  3 21:09:09 2013] [debug] Routing to controller "BastideDeLaCroix::Home" and action "welcome".
[Tue Sep  3 21:09:09 2013] [debug] Rendering cached template "home/welcome.html.ep".
[Tue Sep  3 21:09:09 2013] [debug] Rendering cached template "layouts/default.html.ep".
[Tue Sep  3 21:09:09 2013] [debug] 200 OK (0.001366s, 732.064/s).
[Tue Sep  3 21:09:20 2013] [debug] GET "/gallery".
[Tue Sep  3 21:09:20 2013] [debug] Routing to controller "BastideDeLaCroix::Home" and action "gallery".
[Tue Sep  3 21:09:20 2013] [debug] Rendering cached template "home/gallery.html.ep".
[Tue Sep  3 21:09:20 2013] [debug] Rendering cached template "layouts/default.html.ep".
[Tue Sep  3 21:09:20 2013] [debug] 200 OK (0.001294s, 772.798/s).
[Tue Sep  3 21:09:33 2013] [debug] GET "/".
[Tue Sep  3 21:09:33 2013] [debug] Routing to controller "BastideDeLaCroix::Home" and action "welcome".
[Tue Sep  3 21:09:33 2013] [debug] Rendering cached template "home/welcome.html.ep".
[Tue Sep  3 21:09:33 2013] [debug] Rendering cached template "layouts/default.html.ep".
[Tue Sep  3 21:09:33 2013] [debug] 200 OK (0.001150s, 869.565/s).
[Tue Sep  3 21:10:18 2013] [debug] Your secret passphrase needs to be changed!!!
[Tue Sep  3 21:10:18 2013] [debug] GET "/".
[Tue Sep  3 21:10:18 2013] [debug] Routing to controller "BastideDeLaCroix::Home" and action "welcome".
[Tue Sep  3 21:10:18 2013] [debug] Rendering template "home/welcome.html.ep".
[Tue Sep  3 21:10:18 2013] [debug] Rendering template "layouts/default.html.ep".
[Tue Sep  3 21:10:18 2013] [debug] 200 OK (0.017644s, 56.676/s).
[Tue Sep  3 21:10:20 2013] [debug] GET "/gallery".
[Tue Sep  3 21:10:20 2013] [debug] Routing to controller "BastideDeLaCroix::Home" and action "gallery".
[Tue Sep  3 21:10:20 2013] [debug] Rendering template "home/gallery.html.ep".
[Tue Sep  3 21:10:20 2013] [debug] Rendering cached template "layouts/default.html.ep".
[Tue Sep  3 21:10:20 2013] [debug] 200 OK (0.029720s, 33.647/s).
[Tue Sep  3 21:10:43 2013] [debug] GET "/".
[Tue Sep  3 21:10:43 2013] [debug] Routing to controller "BastideDeLaCroix::Home" and action "welcome".
[Tue Sep  3 21:10:43 2013] [debug] Rendering cached template "home/welcome.html.ep".
[Tue Sep  3 21:10:43 2013] [debug] Rendering cached template "layouts/default.html.ep".
[Tue Sep  3 21:10:43 2013] [debug] 200 OK (0.001211s, 825.764/s).
[Tue Sep  3 21:11:10 2013] [debug] GET "/".
[Tue Sep  3 21:11:10 2013] [debug] Routing to controller "BastideDeLaCroix::Home" and action "welcome".
[Tue Sep  3 21:11:10 2013] [debug] Rendering cached template "home/welcome.html.ep".
[Tue Sep  3 21:11:10 2013] [debug] Rendering cached template "layouts/default.html.ep".
[Tue Sep  3 21:11:10 2013] [debug] 200 OK (0.000967s, 1034.126/s).
[Tue Sep  3 21:11:19 2013] [debug] Your secret passphrase needs to be changed!!!
[Tue Sep  3 21:11:19 2013] [debug] GET "/".
[Tue Sep  3 21:11:19 2013] [debug] Routing to controller "BastideDeLaCroix::Home" and action "welcome".
[Tue Sep  3 21:11:19 2013] [debug] Rendering template "home/welcome.html.ep".
[Tue Sep  3 21:11:19 2013] [debug] Rendering template "layouts/default.html.ep".
[Tue Sep  3 21:11:19 2013] [debug] 200 OK (0.021650s, 46.189/s).
[Tue Sep  3 21:11:48 2013] [debug] GET "/gallery".
[Tue Sep  3 21:11:48 2013] [debug] Routing to controller "BastideDeLaCroix::Home" and action "gallery".
[Tue Sep  3 21:11:48 2013] [debug] Rendering template "home/gallery.html.ep".
[Tue Sep  3 21:11:48 2013] [debug] Rendering cached template "layouts/default.html.ep".
[Tue Sep  3 21:11:48 2013] [debug] 200 OK (0.025752s, 38.832/s).
[Tue Sep  3 21:11:50 2013] [debug] GET "/".
[Tue Sep  3 21:11:50 2013] [debug] Routing to controller "BastideDeLaCroix::Home" and action "welcome".
[Tue Sep  3 21:11:50 2013] [debug] Rendering cached template "home/welcome.html.ep".
[Tue Sep  3 21:11:50 2013] [debug] Rendering cached template "layouts/default.html.ep".
[Tue Sep  3 21:11:50 2013] [debug] 200 OK (0.001467s, 681.663/s).
[Tue Sep  3 21:11:55 2013] [debug] GET "/gallery".
[Tue Sep  3 21:11:55 2013] [debug] Routing to controller "BastideDeLaCroix::Home" and action "gallery".
[Tue Sep  3 21:11:55 2013] [debug] Rendering cached template "home/gallery.html.ep".
[Tue Sep  3 21:11:55 2013] [debug] Rendering cached template "layouts/default.html.ep".
[Tue Sep  3 21:11:55 2013] [debug] 200 OK (0.001199s, 834.028/s).
[Tue Sep  3 21:12:11 2013] [debug] GET "/".
[Tue Sep  3 21:12:11 2013] [debug] Routing to controller "BastideDeLaCroix::Home" and action "welcome".
[Tue Sep  3 21:12:11 2013] [debug] Rendering cached template "home/welcome.html.ep".
[Tue Sep  3 21:12:11 2013] [debug] Rendering cached template "layouts/default.html.ep".
[Tue Sep  3 21:12:11 2013] [debug] 200 OK (0.001064s, 939.850/s).
[Tue Sep  3 21:15:43 2013] [debug] Your secret passphrase needs to be changed!!!
[Tue Sep  3 21:15:43 2013] [debug] GET "/".
[Tue Sep  3 21:15:43 2013] [debug] Routing to controller "BastideDeLaCroix::Home" and action "welcome".
[Tue Sep  3 21:15:43 2013] [debug] Rendering template "home/welcome.html.ep".
[Tue Sep  3 21:15:43 2013] [debug] Rendering template "layouts/default.html.ep".
[Tue Sep  3 21:15:43 2013] [debug] 200 OK (0.016864s, 59.298/s).
[Tue Sep  3 21:15:48 2013] [debug] GET "/contact".
[Tue Sep  3 21:15:48 2013] [debug] Template "not_found.development.html.ep" not found.
[Tue Sep  3 21:15:48 2013] [debug] Template "not_found.html.ep" not found.
[Tue Sep  3 21:15:48 2013] [debug] Rendering inline template.
[Tue Sep  3 21:15:48 2013] [debug] Rendering inline template.
[Tue Sep  3 21:15:48 2013] [debug] 404 Not Found (0.020690s, 48.333/s).
[Tue Sep  3 21:16:43 2013] [debug] Your secret passphrase needs to be changed!!!
[Tue Sep  3 21:16:43 2013] [debug] GET "/contact".
[Tue Sep  3 21:16:43 2013] [debug] Routing to controller "BastideDeLaCroix::Home" and action "contact".
[Tue Sep  3 21:16:43 2013] [debug] Rendering template "home/contact.html.ep".
[Tue Sep  3 21:16:43 2013] [debug] Rendering template "layouts/default.html.ep".
[Tue Sep  3 21:16:43 2013] [debug] 200 OK (0.013000s, 76.923/s).
[Tue Sep  3 21:17:18 2013] [debug] GET "/".
[Tue Sep  3 21:17:18 2013] [debug] Routing to controller "BastideDeLaCroix::Home" and action "welcome".
[Tue Sep  3 21:17:18 2013] [debug] Rendering template "home/welcome.html.ep".
[Tue Sep  3 21:17:18 2013] [debug] Rendering cached template "layouts/default.html.ep".
[Tue Sep  3 21:17:18 2013] [debug] 200 OK (0.008096s, 123.518/s).
[Tue Sep  3 21:17:25 2013] [debug] GET "/gallery".
[Tue Sep  3 21:17:25 2013] [debug] Routing to controller "BastideDeLaCroix::Home" and action "gallery".
[Tue Sep  3 21:17:25 2013] [debug] Rendering template "home/gallery.html.ep".
[Tue Sep  3 21:17:25 2013] [debug] Rendering cached template "layouts/default.html.ep".
[Tue Sep  3 21:17:25 2013] [debug] 200 OK (0.028136s, 35.542/s).
[Tue Sep  3 21:17:31 2013] [debug] GET "/contact".
[Tue Sep  3 21:17:31 2013] [debug] Routing to controller "BastideDeLaCroix::Home" and action "contact".
[Tue Sep  3 21:17:31 2013] [debug] Rendering cached template "home/contact.html.ep".
[Tue Sep  3 21:17:31 2013] [debug] Rendering cached template "layouts/default.html.ep".
[Tue Sep  3 21:17:31 2013] [debug] 200 OK (0.001051s, 951.475/s).
[Tue Sep  3 21:17:32 2013] [debug] GET "/".
[Tue Sep  3 21:17:32 2013] [debug] Routing to controller "BastideDeLaCroix::Home" and action "welcome".
[Tue Sep  3 21:17:32 2013] [debug] Rendering cached template "home/welcome.html.ep".
[Tue Sep  3 21:17:32 2013] [debug] Rendering cached template "layouts/default.html.ep".
[Tue Sep  3 21:17:32 2013] [debug] 200 OK (0.001333s, 750.188/s).
[Tue Sep  3 21:17:48 2013] [debug] GET "/gallery".
[Tue Sep  3 21:17:48 2013] [debug] Routing to controller "BastideDeLaCroix::Home" and action "gallery".
[Tue Sep  3 21:17:48 2013] [debug] Rendering cached template "home/gallery.html.ep".
[Tue Sep  3 21:17:48 2013] [debug] Rendering cached template "layouts/default.html.ep".
[Tue Sep  3 21:17:48 2013] [debug] 200 OK (0.001038s, 963.391/s).
[Tue Sep  3 21:22:12 2013] [debug] Your secret passphrase needs to be changed!!!
[Tue Sep  3 21:22:12 2013] [debug] GET "/gallery".
[Tue Sep  3 21:22:12 2013] [debug] Routing to controller "BastideDeLaCroix::Home" and action "gallery".
[Tue Sep  3 21:22:12 2013] [debug] Rendering template "home/gallery.html.ep".
[Tue Sep  3 21:22:12 2013] [debug] Rendering template "layouts/default.html.ep".
[Tue Sep  3 21:22:12 2013] [debug] 200 OK (0.030632s, 32.646/s).
[Tue Sep  3 21:22:14 2013] [debug] GET "/gallery".
[Tue Sep  3 21:22:14 2013] [debug] Routing to controller "BastideDeLaCroix::Home" and action "gallery".
[Tue Sep  3 21:22:14 2013] [debug] Rendering cached template "home/gallery.html.ep".
[Tue Sep  3 21:22:14 2013] [debug] Rendering cached template "layouts/default.html.ep".
[Tue Sep  3 21:22:14 2013] [debug] 200 OK (0.001901s, 526.039/s).
[Tue Sep  3 21:23:37 2013] [debug] Your secret passphrase needs to be changed!!!
[Tue Sep  3 21:23:37 2013] [debug] GET "/gallery".
[Tue Sep  3 21:23:37 2013] [debug] Routing to controller "BastideDeLaCroix::Home" and action "gallery".
[Tue Sep  3 21:23:37 2013] [debug] Rendering template "home/gallery.html.ep".
[Tue Sep  3 21:23:37 2013] [debug] Rendering template "layouts/default.html.ep".
[Tue Sep  3 21:23:37 2013] [debug] 200 OK (0.031776s, 31.470/s).
[Tue Sep  3 21:24:42 2013] [debug] Your secret passphrase needs to be changed!!!
[Tue Sep  3 21:24:42 2013] [debug] GET "/gallery".
[Tue Sep  3 21:24:42 2013] [debug] Routing to controller "BastideDeLaCroix::Home" and action "gallery".
[Tue Sep  3 21:24:42 2013] [debug] Rendering template "home/gallery.html.ep".
[Tue Sep  3 21:24:42 2013] [debug] Rendering template "layouts/default.html.ep".
[Tue Sep  3 21:24:42 2013] [debug] 200 OK (0.068939s, 14.506/s).
[Tue Sep  3 21:26:27 2013] [debug] Your secret passphrase needs to be changed!!!
[Tue Sep  3 21:26:27 2013] [debug] GET "/gallery".
[Tue Sep  3 21:26:27 2013] [debug] Routing to controller "BastideDeLaCroix::Home" and action "gallery".
[Tue Sep  3 21:26:27 2013] [debug] Rendering template "home/gallery.html.ep".
[Tue Sep  3 21:26:27 2013] [debug] Rendering template "layouts/default.html.ep".
[Tue Sep  3 21:26:27 2013] [debug] 200 OK (0.035214s, 28.398/s).
[Tue Sep  3 21:27:29 2013] [debug] Your secret passphrase needs to be changed!!!
[Tue Sep  3 21:27:29 2013] [debug] GET "/gallery".
[Tue Sep  3 21:27:29 2013] [debug] Routing to controller "BastideDeLaCroix::Home" and action "gallery".
[Tue Sep  3 21:27:29 2013] [debug] Rendering template "home/gallery.html.ep".
[Tue Sep  3 21:27:29 2013] [debug] Rendering template "layouts/default.html.ep".
[Tue Sep  3 21:27:29 2013] [debug] 200 OK (0.031051s, 32.205/s).
[Tue Sep  3 21:28:42 2013] [debug] Your secret passphrase needs to be changed!!!
[Tue Sep  3 21:28:42 2013] [debug] GET "/gallery".
[Tue Sep  3 21:28:42 2013] [debug] Routing to controller "BastideDeLaCroix::Home" and action "gallery".
[Tue Sep  3 21:28:42 2013] [debug] Rendering template "home/gallery.html.ep".
[Tue Sep  3 21:28:42 2013] [debug] Rendering template "layouts/default.html.ep".
[Tue Sep  3 21:28:42 2013] [debug] 200 OK (0.028625s, 34.934/s).
[Tue Sep  3 21:29:07 2013] [debug] Your secret passphrase needs to be changed!!!
[Tue Sep  3 21:29:07 2013] [debug] GET "/gallery".
[Tue Sep  3 21:29:07 2013] [debug] Routing to controller "BastideDeLaCroix::Home" and action "gallery".
[Tue Sep  3 21:29:07 2013] [debug] Rendering template "home/gallery.html.ep".
[Tue Sep  3 21:29:07 2013] [debug] Rendering template "layouts/default.html.ep".
[Tue Sep  3 21:29:07 2013] [debug] 200 OK (0.033900s, 29.499/s).
[Tue Sep  3 21:29:25 2013] [debug] GET "/".
[Tue Sep  3 21:29:25 2013] [debug] Routing to controller "BastideDeLaCroix::Home" and action "welcome".
[Tue Sep  3 21:29:25 2013] [debug] Rendering template "home/welcome.html.ep".
[Tue Sep  3 21:29:25 2013] [debug] Rendering cached template "layouts/default.html.ep".
[Tue Sep  3 21:29:25 2013] [debug] 200 OK (0.010073s, 99.275/s).
[Tue Sep  3 21:29:33 2013] [debug] GET "/contact".
[Tue Sep  3 21:29:33 2013] [debug] Routing to controller "BastideDeLaCroix::Home" and action "contact".
[Tue Sep  3 21:29:33 2013] [debug] Rendering template "home/contact.html.ep".
[Tue Sep  3 21:29:33 2013] [debug] Rendering cached template "layouts/default.html.ep".
[Tue Sep  3 21:29:33 2013] [debug] 200 OK (0.004317s, 231.642/s).
[Tue Sep  3 21:35:40 2013] [debug] Your secret passphrase needs to be changed!!!
[Tue Sep  3 21:35:40 2013] [debug] GET "/contact".
[Tue Sep  3 21:35:40 2013] [debug] Routing to controller "BastideDeLaCroix::Home" and action "contact".
[Tue Sep  3 21:35:40 2013] [debug] Rendering template "home/contact.html.ep".
[Tue Sep  3 21:35:40 2013] [debug] Rendering template "layouts/default.html.ep".
[Tue Sep  3 21:35:40 2013] [debug] 200 OK (0.017089s, 58.517/s).
[Tue Sep  3 21:36:37 2013] [debug] Your secret passphrase needs to be changed!!!
[Tue Sep  3 21:36:37 2013] [debug] GET "/contact".
[Tue Sep  3 21:36:37 2013] [debug] Routing to controller "BastideDeLaCroix::Home" and action "contact".
[Tue Sep  3 21:36:37 2013] [debug] Rendering template "home/contact.html.ep".
[Tue Sep  3 21:36:37 2013] [debug] Rendering template "layouts/default.html.ep".
[Tue Sep  3 21:36:37 2013] [debug] 200 OK (0.015434s, 64.792/s).
[Tue Sep  3 21:37:14 2013] [debug] Your secret passphrase needs to be changed!!!
[Tue Sep  3 21:37:14 2013] [debug] GET "/contact".
[Tue Sep  3 21:37:14 2013] [debug] Routing to controller "BastideDeLaCroix::Home" and action "contact".
[Tue Sep  3 21:37:14 2013] [debug] Rendering template "home/contact.html.ep".
[Tue Sep  3 21:37:15 2013] [debug] Rendering template "layouts/default.html.ep".
[Tue Sep  3 21:37:15 2013] [debug] 200 OK (0.016514s, 60.555/s).
[Tue Sep  3 21:39:59 2013] [debug] Your secret passphrase needs to be changed!!!
[Tue Sep  3 21:39:59 2013] [debug] GET "/contact".
[Tue Sep  3 21:39:59 2013] [debug] Routing to controller "BastideDeLaCroix::Home" and action "contact".
[Tue Sep  3 21:39:59 2013] [debug] Rendering template "home/contact.html.ep".
[Tue Sep  3 21:39:59 2013] [debug] Rendering template "layouts/default.html.ep".
[Tue Sep  3 21:39:59 2013] [debug] 200 OK (0.015575s, 64.205/s).
[Tue Sep  3 21:40:58 2013] [debug] Your secret passphrase needs to be changed!!!
[Tue Sep  3 21:40:58 2013] [debug] GET "/contact".
[Tue Sep  3 21:40:58 2013] [debug] Routing to controller "BastideDeLaCroix::Home" and action "contact".
[Tue Sep  3 21:40:58 2013] [debug] Rendering template "home/contact.html.ep".
[Tue Sep  3 21:40:58 2013] [debug] Rendering template "layouts/default.html.ep".
[Tue Sep  3 21:40:58 2013] [debug] 200 OK (0.025010s, 39.984/s).
[Tue Sep  3 21:46:47 2013] [debug] Your secret passphrase needs to be changed!!!
[Tue Sep  3 21:46:47 2013] [debug] GET "/contact".
[Tue Sep  3 21:46:47 2013] [debug] Routing to controller "BastideDeLaCroix::Home" and action "contact".
[Tue Sep  3 21:46:47 2013] [debug] Rendering template "home/contact.html.ep".
[Tue Sep  3 21:46:47 2013] [debug] Rendering template "layouts/default.html.ep".
[Tue Sep  3 21:46:47 2013] [debug] 200 OK (0.015633s, 63.967/s).
[Tue Sep  3 21:47:03 2013] [debug] Your secret passphrase needs to be changed!!!
[Tue Sep  3 21:47:03 2013] [debug] GET "/contact".
[Tue Sep  3 21:47:03 2013] [debug] Routing to controller "BastideDeLaCroix::Home" and action "contact".
[Tue Sep  3 21:47:03 2013] [debug] Rendering template "home/contact.html.ep".
[Tue Sep  3 21:47:03 2013] [debug] Rendering template "layouts/default.html.ep".
[Tue Sep  3 21:47:03 2013] [debug] 200 OK (0.017088s, 58.521/s).
[Tue Sep  3 21:47:29 2013] [debug] Your secret passphrase needs to be changed!!!
[Tue Sep  3 21:47:29 2013] [debug] GET "/contact".
[Tue Sep  3 21:47:29 2013] [debug] Routing to controller "BastideDeLaCroix::Home" and action "contact".
[Tue Sep  3 21:47:29 2013] [debug] Rendering template "home/contact.html.ep".
[Tue Sep  3 21:47:29 2013] [debug] Rendering template "layouts/default.html.ep".
[Tue Sep  3 21:47:29 2013] [debug] 200 OK (0.015951s, 62.692/s).
[Tue Sep  3 21:48:47 2013] [debug] GET "/".
[Tue Sep  3 21:48:47 2013] [debug] Routing to controller "BastideDeLaCroix::Home" and action "welcome".
[Tue Sep  3 21:48:47 2013] [debug] Rendering template "home/welcome.html.ep".
[Tue Sep  3 21:48:47 2013] [debug] Rendering cached template "layouts/default.html.ep".
[Tue Sep  3 21:48:47 2013] [debug] 200 OK (0.012041s, 83.050/s).
[Tue Sep  3 21:48:50 2013] [debug] GET "/gallery".
[Tue Sep  3 21:48:50 2013] [debug] Routing to controller "BastideDeLaCroix::Home" and action "gallery".
[Tue Sep  3 21:48:50 2013] [debug] Rendering template "home/gallery.html.ep".
[Tue Sep  3 21:48:50 2013] [debug] Rendering cached template "layouts/default.html.ep".
[Tue Sep  3 21:48:50 2013] [debug] 200 OK (0.025183s, 39.709/s).
[Tue Sep  3 21:48:51 2013] [debug] GET "/contact".
[Tue Sep  3 21:48:51 2013] [debug] Routing to controller "BastideDeLaCroix::Home" and action "contact".
[Tue Sep  3 21:48:51 2013] [debug] Rendering cached template "home/contact.html.ep".
[Tue Sep  3 21:48:51 2013] [debug] Rendering cached template "layouts/default.html.ep".
[Tue Sep  3 21:48:51 2013] [debug] 200 OK (0.000964s, 1037.344/s).
[Tue Sep  3 21:48:53 2013] [debug] GET "/".
[Tue Sep  3 21:48:53 2013] [debug] Routing to controller "BastideDeLaCroix::Home" and action "welcome".
[Tue Sep  3 21:48:53 2013] [debug] Rendering cached template "home/welcome.html.ep".
[Tue Sep  3 21:48:53 2013] [debug] Rendering cached template "layouts/default.html.ep".
[Tue Sep  3 21:48:53 2013] [debug] 200 OK (0.001053s, 949.668/s).
[Tue Sep  3 21:48:58 2013] [debug] GET "/gallery".
[Tue Sep  3 21:48:58 2013] [debug] Routing to controller "BastideDeLaCroix::Home" and action "gallery".
[Tue Sep  3 21:48:58 2013] [debug] Rendering cached template "home/gallery.html.ep".
[Tue Sep  3 21:48:58 2013] [debug] Rendering cached template "layouts/default.html.ep".
[Tue Sep  3 21:48:58 2013] [debug] 200 OK (0.001448s, 690.608/s).
[Tue Sep  3 21:49:04 2013] [debug] GET "/".
[Tue Sep  3 21:49:04 2013] [debug] Routing to controller "BastideDeLaCroix::Home" and action "welcome".
[Tue Sep  3 21:49:04 2013] [debug] Rendering cached template "home/welcome.html.ep".
[Tue Sep  3 21:49:04 2013] [debug] Rendering cached template "layouts/default.html.ep".
[Tue Sep  3 21:49:04 2013] [debug] 200 OK (0.001242s, 805.153/s).
[Tue Sep  3 21:49:35 2013] [debug] GET "/".
[Tue Sep  3 21:49:35 2013] [debug] Routing to controller "BastideDeLaCroix::Home" and action "welcome".
[Tue Sep  3 21:49:35 2013] [debug] Rendering cached template "home/welcome.html.ep".
[Tue Sep  3 21:49:35 2013] [debug] Rendering cached template "layouts/default.html.ep".
[Tue Sep  3 21:49:35 2013] [debug] 200 OK (0.001681s, 594.884/s).
[Tue Sep  3 21:50:28 2013] [debug] GET "/gallery".
[Tue Sep  3 21:50:28 2013] [debug] Routing to controller "BastideDeLaCroix::Home" and action "gallery".
[Tue Sep  3 21:50:28 2013] [debug] Rendering cached template "home/gallery.html.ep".
[Tue Sep  3 21:50:28 2013] [debug] Rendering cached template "layouts/default.html.ep".
[Tue Sep  3 21:50:28 2013] [debug] 200 OK (0.001668s, 599.520/s).
[Tue Sep  3 21:51:12 2013] [debug] GET "/contact".
[Tue Sep  3 21:51:12 2013] [debug] Routing to controller "BastideDeLaCroix::Home" and action "contact".
[Tue Sep  3 21:51:12 2013] [debug] Rendering cached template "home/contact.html.ep".
[Tue Sep  3 21:51:12 2013] [debug] Rendering cached template "layouts/default.html.ep".
[Tue Sep  3 21:51:12 2013] [debug] 200 OK (0.001171s, 853.971/s).
[Tue Sep  3 21:51:19 2013] [debug] GET "/".
[Tue Sep  3 21:51:19 2013] [debug] Routing to controller "BastideDeLaCroix::Home" and action "welcome".
[Tue Sep  3 21:51:19 2013] [debug] Rendering cached template "home/welcome.html.ep".
[Tue Sep  3 21:51:19 2013] [debug] Rendering cached template "layouts/default.html.ep".
[Tue Sep  3 21:51:20 2013] [debug] 200 OK (0.001684s, 593.824/s).
[Tue Sep  3 21:51:27 2013] [debug] GET "/gallery".
[Tue Sep  3 21:51:27 2013] [debug] Routing to controller "BastideDeLaCroix::Home" and action "gallery".
[Tue Sep  3 21:51:27 2013] [debug] Rendering cached template "home/gallery.html.ep".
[Tue Sep  3 21:51:27 2013] [debug] Rendering cached template "layouts/default.html.ep".
[Tue Sep  3 21:51:27 2013] [debug] 200 OK (0.001639s, 610.128/s).
[Tue Sep  3 21:51:39 2013] [debug] GET "/".
[Tue Sep  3 21:51:39 2013] [debug] Routing to controller "BastideDeLaCroix::Home" and action "welcome".
[Tue Sep  3 21:51:39 2013] [debug] Rendering cached template "home/welcome.html.ep".
[Tue Sep  3 21:51:39 2013] [debug] Rendering cached template "layouts/default.html.ep".
[Tue Sep  3 21:51:39 2013] [debug] 200 OK (0.001099s, 909.918/s).
[Tue Sep  3 21:53:32 2013] [debug] GET "/".
[Tue Sep  3 21:53:32 2013] [debug] Routing to controller "BastideDeLaCroix::Home" and action "welcome".
[Tue Sep  3 21:53:32 2013] [debug] Rendering cached template "home/welcome.html.ep".
[Tue Sep  3 21:53:32 2013] [debug] Rendering cached template "layouts/default.html.ep".
[Tue Sep  3 21:53:32 2013] [debug] 200 OK (0.001138s, 878.735/s).
[Tue Sep  3 21:53:34 2013] [debug] GET "/".
[Tue Sep  3 21:53:34 2013] [debug] Routing to controller "BastideDeLaCroix::Home" and action "welcome".
[Tue Sep  3 21:53:34 2013] [debug] Rendering cached template "home/welcome.html.ep".
[Tue Sep  3 21:53:34 2013] [debug] Rendering cached template "layouts/default.html.ep".
[Tue Sep  3 21:53:34 2013] [debug] 200 OK (0.001637s, 610.874/s).
[Tue Sep  3 21:54:08 2013] [debug] GET "/gallery".
[Tue Sep  3 21:54:08 2013] [debug] Routing to controller "BastideDeLaCroix::Home" and action "gallery".
[Tue Sep  3 21:54:08 2013] [debug] Rendering cached template "home/gallery.html.ep".
[Tue Sep  3 21:54:08 2013] [debug] Rendering cached template "layouts/default.html.ep".
[Tue Sep  3 21:54:08 2013] [debug] 200 OK (0.001620s, 617.284/s).
[Tue Sep  3 21:54:22 2013] [debug] GET "/".
[Tue Sep  3 21:54:22 2013] [debug] Routing to controller "BastideDeLaCroix::Home" and action "welcome".
[Tue Sep  3 21:54:22 2013] [debug] Rendering cached template "home/welcome.html.ep".
[Tue Sep  3 21:54:22 2013] [debug] Rendering cached template "layouts/default.html.ep".
[Tue Sep  3 21:54:22 2013] [debug] 200 OK (0.001644s, 608.273/s).
[Tue Sep  3 21:55:11 2013] [debug] Your secret passphrase needs to be changed!!!
[Tue Sep  3 21:55:11 2013] [debug] GET "/".
[Tue Sep  3 21:55:11 2013] [debug] Routing to controller "BastideDeLaCroix::Home" and action "welcome".
[Tue Sep  3 21:55:11 2013] [debug] Rendering template "home/welcome.html.ep".
[Tue Sep  3 21:55:11 2013] [debug] Rendering template "layouts/default.html.ep".
[Tue Sep  3 21:55:11 2013] [debug] 200 OK (0.016995s, 58.841/s).
[Tue Sep  3 21:55:14 2013] [debug] GET "/gallery".
[Tue Sep  3 21:55:14 2013] [debug] Routing to controller "BastideDeLaCroix::Home" and action "gallery".
[Tue Sep  3 21:55:14 2013] [debug] Rendering template "home/gallery.html.ep".
[Tue Sep  3 21:55:14 2013] [debug] Rendering cached template "layouts/default.html.ep".
[Tue Sep  3 21:55:14 2013] [debug] 200 OK (0.027962s, 35.763/s).
[Tue Sep  3 21:55:16 2013] [debug] GET "/contact".
[Tue Sep  3 21:55:16 2013] [debug] Routing to controller "BastideDeLaCroix::Home" and action "contact".
[Tue Sep  3 21:55:16 2013] [debug] Rendering template "home/contact.html.ep".
[Tue Sep  3 21:55:16 2013] [debug] Rendering cached template "layouts/default.html.ep".
[Tue Sep  3 21:55:16 2013] [debug] 200 OK (0.010138s, 98.639/s).
[Tue Sep  3 21:55:17 2013] [debug] GET "/".
[Tue Sep  3 21:55:17 2013] [debug] Routing to controller "BastideDeLaCroix::Home" and action "welcome".
[Tue Sep  3 21:55:17 2013] [debug] Rendering cached template "home/welcome.html.ep".
[Tue Sep  3 21:55:17 2013] [debug] Rendering cached template "layouts/default.html.ep".
[Tue Sep  3 21:55:17 2013] [debug] 200 OK (0.000956s, 1046.025/s).
[Tue Sep  3 21:55:28 2013] [debug] GET "/gallery".
[Tue Sep  3 21:55:28 2013] [debug] Routing to controller "BastideDeLaCroix::Home" and action "gallery".
[Tue Sep  3 21:55:28 2013] [debug] Rendering cached template "home/gallery.html.ep".
[Tue Sep  3 21:55:28 2013] [debug] Rendering cached template "layouts/default.html.ep".
[Tue Sep  3 21:55:28 2013] [debug] 200 OK (0.001111s, 900.090/s).
[Tue Sep  3 21:55:36 2013] [debug] GET "/contact".
[Tue Sep  3 21:55:36 2013] [debug] Routing to controller "BastideDeLaCroix::Home" and action "contact".
[Tue Sep  3 21:55:36 2013] [debug] Rendering cached template "home/contact.html.ep".
[Tue Sep  3 21:55:36 2013] [debug] Rendering cached template "layouts/default.html.ep".
[Tue Sep  3 21:55:36 2013] [debug] 200 OK (0.001703s, 587.199/s).
[Tue Sep  3 21:55:38 2013] [debug] GET "/".
[Tue Sep  3 21:55:38 2013] [debug] Routing to controller "BastideDeLaCroix::Home" and action "welcome".
[Tue Sep  3 21:55:38 2013] [debug] Rendering cached template "home/welcome.html.ep".
[Tue Sep  3 21:55:38 2013] [debug] Rendering cached template "layouts/default.html.ep".
[Tue Sep  3 21:55:38 2013] [debug] 200 OK (0.001602s, 624.220/s).
[Tue Sep  3 21:56:28 2013] [debug] Your secret passphrase needs to be changed!!!
[Tue Sep  3 21:56:28 2013] [debug] GET "/".
[Tue Sep  3 21:56:28 2013] [debug] Routing to controller "BastideDeLaCroix::Home" and action "welcome".
[Tue Sep  3 21:56:28 2013] [debug] Rendering template "home/welcome.html.ep".
[Tue Sep  3 21:56:28 2013] [debug] Rendering template "layouts/default.html.ep".
[Tue Sep  3 21:56:28 2013] [debug] 200 OK (0.017681s, 56.558/s).
[Tue Sep  3 21:56:34 2013] [debug] GET "/gallery".
[Tue Sep  3 21:56:34 2013] [debug] Routing to controller "BastideDeLaCroix::Home" and action "gallery".
[Tue Sep  3 21:56:34 2013] [debug] Rendering template "home/gallery.html.ep".
[Tue Sep  3 21:56:34 2013] [debug] Rendering cached template "layouts/default.html.ep".
[Tue Sep  3 21:56:34 2013] [debug] 200 OK (0.029602s, 33.782/s).
